<?xml version="1.0" encoding="UTF-8"?>
<!-- Generated by org.testng.reporters.JUnitReportReporter -->
<testsuite hostname="Tejasalurkar" failures="0" tests="2" name="TestingNG.parallelTest" time="0.034" errors="0" timestamp="2022-12-26T23:38:20 PST" skipped="0">
  <testcase classname="TestingNG.parallelTest" name="test1" time="0.017"/>
  <system-out/>
  <testcase classname="TestingNG.parallelTest" name="test2" time="0.017"/>
  <system-out/>
</testsuite> <!-- TestingNG.parallelTest -->
