<?xml version="1.0" encoding="UTF-8"?>
<!-- Generated by org.testng.reporters.JUnitReportReporter -->
<testsuite hostname="Tejasalurkar" failures="0" tests="3" name="TestingNG.dataprovider" time="26.415" errors="0" timestamp="2022-12-25T02:30:03 PST" skipped="0">
  <testcase classname="TestingNG.dataprovider" name="data" time="11.124"/>
  <system-out/>
  <testcase classname="TestingNG.dataprovider" name="data" time="8.077"/>
  <system-out/>
  <testcase classname="TestingNG.dataprovider" name="data" time="7.214"/>
  <system-out/>
</testsuite> <!-- TestingNG.dataprovider -->
