<?xml version="1.0" encoding="UTF-8"?>
<!-- Generated by org.testng.reporters.JUnitReportReporter -->
<testsuite hostname="Tejasalurkar" failures="0" tests="5" name="TestingNG.parameterization" time="0.031" errors="0" timestamp="2022-12-24T22:45:58 PST" skipped="0">
  <testcase classname="TestingNG.parameterization" name="add" time="0.022"/>
  <system-out/>
  <testcase classname="TestingNG.parameterization" name="mobile" time="0.002"/>
  <system-out/>
  <testcase classname="TestingNG.parameterization" name="sub" time="0.002"/>
  <system-out/>
  <testcase classname="TestingNG.parameterization" name="mul" time="0.002"/>
  <system-out/>
  <testcase classname="TestingNG.parameterization" name="car" time="0.003"/>
  <system-out/>
</testsuite> <!-- TestingNG.parameterization -->
