<?xml version="1.0" encoding="UTF-8"?>
<!-- Generated by org.testng.reporters.JUnitReportReporter -->
<testsuite hostname="Tejasalurkar" failures="0" tests="1" name="TestingNG.Annotation" time="5.264" errors="0" timestamp="2022-12-24T22:32:01 PST" skipped="0">
  <testcase classname="TestingNG.Annotation" name="verifytitle" time="5.264"/>
  <system-out/>
</testsuite> <!-- TestingNG.Annotation -->
